<?xml version="1.0" encoding="UTF-8"?>
<!-- Generated by org.testng.reporters.JUnitReportReporter -->
<testsuite hostname="shri" failures="0" tests="1" name="com.date.DateTimePicker" time="27.464" errors="0" timestamp="2022-01-10T06:30:45 IST" skipped="0">
  <testcase classname="com.date.DateTimePicker" name="dateTimePicker" time="27.464"/>
  <system-out/>
</testsuite> <!-- com.date.DateTimePicker -->
