<?xml version="1.0" encoding="UTF-8"?>
<!-- Generated by org.testng.reporters.JUnitReportReporter -->
<testsuite hostname="shri" failures="0" tests="1" name="com.draganddropdemo.DragAndDrop" time="25.796" errors="0" timestamp="2022-01-03T06:40:42 IST" skipped="0">
  <testcase classname="com.draganddropdemo.DragAndDrop" name="DragnDrop" time="25.796"/>
  <system-out/>
</testsuite> <!-- com.draganddropdemo.DragAndDrop -->
