<?xml version="1.0" encoding="UTF-8"?>
<!-- Generated by org.testng.reporters.JUnitReportReporter -->
<testsuite hostname="shri" failures="0" tests="1" name="com.draganddrop.DragAndDropTest" time="25.140" errors="0" timestamp="2022-01-03T06:40:42 IST" skipped="0">
  <testcase classname="com.draganddrop.DragAndDropTest" name="DragnDropTest" time="25.140"/>
  <system-out/>
</testsuite> <!-- com.draganddrop.DragAndDropTest -->
