<?xml version="1.0" encoding="UTF-8"?>
<!-- Generated by org.testng.reporters.JUnitReportReporter -->
<testsuite hostname="shri" failures="0" tests="1" name="ObjectRepositoryConfigurationDemo.TestSeleniumBlog" time="0.028" errors="0" timestamp="2021-12-31T06:10:44 IST" skipped="0">
  <testcase classname="ObjectRepositoryConfigurationDemo.TestSeleniumBlog" name="testConfig" time="0.028"/>
  <system-out/>
</testsuite> <!-- ObjectRepositoryConfigurationDemo.TestSeleniumBlog -->
