<?xml version="1.0" encoding="UTF-8"?>
<!-- Generated by org.testng.reporters.JUnitReportReporter -->
<testsuite hostname="shri" failures="0" tests="1" name="com.readablereports.ReadableReportsDemo" time="1.963" errors="0" timestamp="2022-01-03T08:08:14 IST" skipped="0">
  <testcase classname="com.readablereports.ReadableReportsDemo" name="loginTest" time="1.963"/>
  <system-out/>
</testsuite> <!-- com.readablereports.ReadableReportsDemo -->
